00:00.000 INFO:      [1352107840] nuance.common.logging.Logger             Logger created
00:00.000 INFO:      [1352107840] nuance.common.logging.Logger             [Wall Clock] Log Time 00:00.000 = 1635515520263
00:00.000 INFO:      [1352107840] nuance.common.logging.Logger             [Monotonic ] Log Time 00:00.000 = 26417408
00:00.000 INFO:      [1352107840] nuance.common.logging.Logger             CSDK_v3 nuance::common 718f69d450f060e1d55b429a06aca2daba438627
00:00.000 INFO:      [1352107840] nuance.common.logging.Logger             ENG_BUILD_PAL_2020-12-11_15:36:19_ulm-sde-amd64-10
00:00.000 CORE_INFO: [1352107840] nuance.common.logging.Logger             CSDK_v3 nuance::common 718f69d450f060e1d55b429a06aca2daba438627
00:00.000 INFO:      [1352107840] nuance.common.logging.Logger             Expected Version for configured components
00:00.000 INFO:      [1352107840] nuance.common.logging.Logger             PAL       Version       : 47040d6478af4d6342787142e060a1310d396c7b,i86_64_linux2_shlibprefix_sdk,gcc,rls_opt_l2
00:00.000 CORE_INFO: [1352107840] nuance.common.logging.Logger             PAL       Version       : 47040d6478af4d6342787142e060a1310d396c7b,i86_64_linux2_shlibprefix_sdk,gcc,rls_opt_l2
00:00.000 INFO:      [1352107840] nuance.common.logging.Logger             PAL       MD5 of product: 
00:00.000 INFO:      [1352107840] nuance.common.logging.Logger             libpal_core.so(ab9a7f094825e8f9a114fd05ce37503c)

00:00.001 INFO:      [1352107840] nuance.common.File                       open_() Open file: 'config/main.json' (mode: rb).  [584]
00:00.002 INFO:      [1352107840] nuance.common.JsonFileReader             processOneJsonObject_() Adding content of file 'main.json' to configuration of component 'Prompter', label = 'undefined'  [800]
00:00.002 INFO:      [1352107840] nuance.common.File                       open_() Open file: 'config/audio-tts.json' (mode: rb).  [584]
00:00.002 INFO:      [1352107840] nuance.common.JsonFileReader             processOneJsonObject_() Adding content of file 'audio-tts.json' to configuration of component 'AudioMgr', label = 'undefined'  [800]
00:00.002 INFO:      [1352107840] nuance.common.File                       open_() Open file: 'config/asr_manager.json' (mode: rb).  [584]
00:00.002 INFO:      [1352107840] nuance.common.JsonFileReader             processOneJsonObject_() Adding content of file 'asr_manager.json' to configuration of component 'VoConHigh', label = 'undefined'  [800]
00:00.002 INFO:      [1352107840] nuance.common.File                       open_() Open file: 'config/asr_paths.json' (mode: rb).  [584]
00:00.002 INFO:      [1352107840] nuance.common.JsonFileReader             processOneJsonObject_() Adding content of file 'asr_paths.json' to configuration of component 'VoConHigh', label = 'undefined'  [800]
00:00.002 INFO:      [1352107840] nuance.common.File                       open_() Open file: 'config/audioconfig.json' (mode: rb).  [584]
00:00.002 INFO:      [1352107840] nuance.common.JsonFileReader             processOneJsonObject_() Adding content of file 'audioconfig.json' to configuration of component 'AudioMgr', label = 'undefined'  [800]
00:00.002 INFO:      [1352107840] nuance.common.File                       open_() Open file: 'config/logger.json' (mode: rb).  [584]
00:00.002 INFO:      [1352107840] nuance.common.JsonFileReader             processOneJsonObject_() Adding content of file 'logger.json' to configuration of component 'Common', label = 'undefined'  [800]
00:00.002 INFO:      [1352107840] nuance.common.File                       open_() Open file: 'config/applications.json' (mode: rb).  [584]
00:00.002 INFO:      [1352107840] nuance.common.JsonFileReader             processOneJsonObject_() Adding content of file 'applications.json' to configuration of component 'VoConHigh', label = 'undefined'  [800]
00:00.002 INFO:      [1352107840] nuance.common.File                       open_() Open file: 'config/recognizer.json' (mode: rb).  [584]
00:00.002 INFO:      [1352107840] nuance.common.JsonFileReader             processOneJsonObject_() Adding content of file 'recognizer.json' to configuration of component 'VoConHigh', label = 'undefined'  [800]
00:00.002 INFO:      [1352107840] nuance.common.JsonFileReader             printConfig_() Following configuration objects found:  [1019]
00:00.002 INFO:      [1352107840] nuance.common.JsonFileReader             printConfig_() Component 'VoConHigh':  [1024]
00:00.002 INFO:      [1352107840] nuance.common.JsonFileReader             printConfig_() 4 objects of type 'version'  [1030]
00:00.002 INFO:      [1352107840] nuance.common.JsonFileReader             printConfig_() 1 objects of type 'asr_manager'  [1030]
00:00.002 INFO:      [1352107840] nuance.common.JsonFileReader             printConfig_() 2 objects of type 'application'  [1030]
00:00.002 INFO:      [1352107840] nuance.common.JsonFileReader             printConfig_() 1 objects of type 'asr_paths'  [1030]
00:00.002 INFO:      [1352107840] nuance.common.JsonFileReader             printConfig_() 1 objects of type 'recognizer'  [1030]
00:00.002 INFO:      [1352107840] nuance.common.JsonFileReader             printConfig_() Component 'AudioMgr':  [1024]
00:00.002 INFO:      [1352107840] nuance.common.JsonFileReader             printConfig_() 2 objects of type 'module_config'  [1030]
00:00.002 INFO:      [1352107840] nuance.common.JsonFileReader             printConfig_() 2 objects of type 'version'  [1030]
00:00.002 INFO:      [1352107840] nuance.common.JsonFileReader             printConfig_() 1 objects of type 'audio_format'  [1030]
00:00.002 INFO:      [1352107840] nuance.common.JsonFileReader             printConfig_() 2 objects of type 'audio_scenario'  [1030]
00:00.002 INFO:      [1352107840] nuance.common.JsonFileReader             printConfig_() Component 'Prompter':  [1024]
00:00.002 INFO:      [1352107840] nuance.common.JsonFileReader             printConfig_() 2 objects of type 'voice_config'  [1030]
00:00.002 INFO:      [1352107840] nuance.common.JsonFileReader             printConfig_() 1 objects of type 'version'  [1030]
00:00.003 INFO:      [1352107840] nuance.common.JsonFileReader             printConfig_() 2 objects of type 'usecase'  [1030]
00:00.003 INFO:      [1352107840] nuance.common.JsonFileReader             printConfig_() 1 objects of type 'prompter'  [1030]
00:00.003 INFO:      [1352107840] nuance.common.JsonFileReader             printConfig_() 1 objects of type 'voice_data_path'  [1030]
00:00.003 INFO:      [1352107840] nuance.common.JsonFileReader             printConfig_() Component 'Common':  [1024]
00:00.003 INFO:      [1352107840] nuance.common.JsonFileReader             printConfig_() 1 objects of type 'version'  [1030]
00:00.003 INFO:      [1352107840] nuance.common.JsonFileReader             printConfig_() 1 objects of type 'logger'  [1030]
00:00.003 INFO:      [1352107840] nuance.common.Configuration              Successfully read JSON configuration from files directory 'config'  [109]
00:00.003 CORE_INFO: [1352107840] nuance.pal.THREAD                        threadModuleInit(): Reset default thread priority from (0) to (0). [starrec_pal_thread.c:522]  [181]
00:00.003 CORE_INFO: [1352107840] nuance.pal.THREAD                        StarRec_PAL_ThreadSetDefaultPolicy(): replacing old policy 0 with new 0 for ALL THREADS. [starrec_pal_thread.c:2358]  [181]
00:00.003 CORE_INFO: [1352107840] nuance.pal.THREAD                        StarRec_PAL_ThreadGetPrioRange(): [min prio [0] default policy [0] [SCHED_OTHER]] [max prio [0] default policy [0] [SCHED_OTHER]] default prio [0] [starrec_pal_thread.c:2486]  [181]
00:00.003 CORE_INFO: [1352107840] nuance.pal.THREAD                        StarRec_PAL_ThreadSetDefaultPolicy(): Reset thread default prio due to call to setdefault policy to 0 [starrec_pal_thread.c:2371]  [181]
00:00.003 CORE_INFO: [1352107840] nuance.pal.THREAD                        StarRec_PAL_ThreadInit(): [Logger] initial priority level THREAD_PRIO_NORMAL. [starrec_pal_thread.c:790]  [181]
00:00.003 CORE_INFO: [1352107840] nuance.pal.THREAD                        StarRec_PAL_ThreadCreate(): [Logger] DEFAULT SETTING: invert nice value [3 -> 3]. [starrec_pal_thread.c:1032]  [181]
00:00.003 CORE_INFO: [1352107840] nuance.pal.THREAD                        StarRec_PAL_ThreadCreate(): [Logger] DEFAULT SETTING: policy [SCHED_OTHER], prio: default [0] + handed-over [3] + 1 = calculated [4]. [starrec_pal_thread.c:1042]  [181]
00:00.003 CORE_INFO: [1352107840] nuance.pal.THREAD                        StarRec_PAL_ThreadCreate(): [Logger] THREAD CREATED: Policy [0,SCHED_OTHER,OTHER], prio: handed-over [3], final nice,prio [4,0], min [0], max [0].  [starrec_pal_thread.c:1231]  [181]
00:00.003 CORE_INFO: [1334961920] nuance.pal.THREAD                        fpThreadRoutine_setThreadName(): [Logger] ok -> set/getpriority (4)/(4) - hdl [1334961920] ID [34669]. [starrec_pal_thread.c:2114]  [181]
00:00.003 CORE_INFO: [1352107840] nuance.pal.THREAD                        StarRec_PAL_ThreadInit(): [timerThread] initial priority level THREAD_PRIO_NORMAL. [starrec_pal_thread.c:790]  [181]
00:00.003 CORE_INFO: [1352107840] nuance.pal.THREAD                        StarRec_PAL_ThreadCreate(): [timerThread] DEFAULT SETTING: invert nice value [3 -> 3]. [starrec_pal_thread.c:1032]  [181]
00:00.003 CORE_INFO: [1352107840] nuance.pal.THREAD                        StarRec_PAL_ThreadCreate(): [timerThread] DEFAULT SETTING: policy [SCHED_OTHER], prio: default [0] + handed-over [3] + 1 = calculated [4]. [starrec_pal_thread.c:1042]  [181]
00:00.003 CORE_INFO: [1352107840] nuance.pal.THREAD                        StarRec_PAL_ThreadCreate(): [timerThread] THREAD CREATED: Policy [0,SCHED_OTHER,OTHER], prio: handed-over [3], final nice,prio [4,0], min [0], max [0].  [starrec_pal_thread.c:1231]  [181]
00:00.003 INFO:      [1352107840] nuance.common.ConfigPool                 no json object found for component='Common', type='runner_pool', index=0  [575]
00:00.003 INFO:      [1352107840] nuance.common.SystemManager.instance     configureRunnerPool() IConfigPool::getTopLevelConfig("Common", "runner_pool") failed, using default.  [1004]
00:00.003 CORE_INFO: [1326569216] nuance.pal.THREAD                        fpThreadRoutine_setThreadName(): [timerThread] ok -> set/getpriority (4)/(4) - hdl [1326569216] ID [34670]. [starrec_pal_thread.c:2114]  [181]
00:00.003 INFO:      [1334961920] nuance.common.logging.Log2File           New log file created: [start time 00:00.000] (file=config/logs-all.log) (modules=) (not_modules=)
00:00.003 CORE_INFO: [1352107840] nuance.pal.THREAD                        StarRec_PAL_ThreadInit(): [AUDIO_instance] initial priority level THREAD_PRIO_NORMAL. [starrec_pal_thread.c:790]  [181]
00:00.003 CORE_INFO: [1352107840] nuance.pal.THREAD                        StarRec_PAL_ThreadCreate(): [AUDIO_instance] DEFAULT SETTING: invert nice value [3 -> 3]. [starrec_pal_thread.c:1032]  [181]
00:00.003 CORE_INFO: [1352107840] nuance.pal.THREAD                        StarRec_PAL_ThreadCreate(): [AUDIO_instance] DEFAULT SETTING: policy [SCHED_OTHER], prio: default [0] + handed-over [3] + 1 = calculated [4]. [starrec_pal_thread.c:1042]  [181]
00:00.003 CORE_INFO: [1334961920] nuance.common.logging.Log2File           New log file created: [start time 00:00.000] (file=config/logs-all.log) (modules=) (not_modules=)
00:00.003 CORE_INFO: [1352107840] nuance.pal.THREAD                        StarRec_PAL_ThreadCreate(): [AUDIO_instance] THREAD CREATED: Policy [0,SCHED_OTHER,OTHER], prio: handed-over [3], final nice,prio [4,0], min [0], max [0].  [starrec_pal_thread.c:1231]  [181]
00:00.003 CORE_INFO: [1318176512] nuance.pal.THREAD                        fpThreadRoutine_setThreadName(): [AUDIO_instance] ok -> set/getpriority (4)/(4) - hdl [1318176512] ID [34671]. [starrec_pal_thread.c:2114]  [181]
00:00.003 INFO:      [1318176512] nuance.common.Thread                     Started thread 'AUDIO_instance' (ID=1318176512)  [163]
00:00.003 CORE_INFO: [1352107840] nuance.audio.AudioManager.instance       CSDK_v3 nuance::audio f4dc1dd8a7ed0703bab5afd09540240ea3a86449  [130]
00:00.003 INFO:      [1352107840] nuance.common.ConfigPool                 no json object found for component='AudioMgr', type='audio_manager', index=0  [575]
00:00.003 INFO:      [1352107840] nuance.audio.AudioManager.instance       AudioManager() IConfigPool::getTopLevelConfig("AudioMgr", "audio_manager") failed, using default.  [227]
00:00.004 INFO:      [1352107840] nuance.common.File                       open_() Open file: 'config/main.json' (mode: rb).  [584]
00:00.004 INFO:      [1352107840] nuance.common.JsonFileReader             processOneJsonObject_() Adding content of file 'main.json' to configuration of component 'Prompter', label = 'undefined'  [800]
00:00.004 INFO:      [1352107840] nuance.common.JsonFileReader             printConfig_() Following configuration objects found:  [1019]
00:00.004 INFO:      [1352107840] nuance.common.JsonFileReader             printConfig_() Component 'Prompter':  [1024]
00:00.004 INFO:      [1352107840] nuance.common.JsonFileReader             printConfig_() 2 objects of type 'voice_config'  [1030]
00:00.004 INFO:      [1352107840] nuance.common.JsonFileReader             printConfig_() 1 objects of type 'version'  [1030]
00:00.004 INFO:      [1352107840] nuance.common.JsonFileReader             printConfig_() 2 objects of type 'usecase'  [1030]
00:00.004 INFO:      [1352107840] nuance.common.JsonFileReader             printConfig_() 1 objects of type 'prompter'  [1030]
00:00.004 INFO:      [1352107840] nuance.common.JsonFileReader             printConfig_() 1 objects of type 'voice_data_path'  [1030]
00:00.004 INFO:      [1352107840] nuance.common.Configuration              Successfully read JSON configuration from files directory 'config'  [109]
00:00.004 CORE_INFO: [1352107840] nuance.prompter.Prompter.main            CSDK_v3 nuance::prompter fef7723d5942ad152a7dc74d95e22ff5c8d2e87a  [139]
00:00.004 INFO:      [1352107840] nuance.common.Logger                     Vocalizer Version       : 20.09.2 (TTS_20-09-2,i86_64_linux2_shlibprefix_sdk,gcc,rls)  [38]
00:00.004 INFO:      [1352107840] nuance.common.Logger                     Vocalizer MD5 of product:   [39]
00:00.004 INFO:      [1352107840] nuance.common.Logger                     libve.so(1359e9cb62331fca12f2c9c3f8b5a6ee)
  [40]
00:00.004 INFO:      [1352107840] nuance.prompter.Prompter.main            CSDK_v3 nuance::prompter fef7723d5942ad152a7dc74d95e22ff5c8d2e87a  [146]
00:00.004 INFO:      [1352107840] nuance.common.ConfigPool                 no json object found for component='Prompter', type='prompter_global', index=0  [575]
00:00.005 CORE_INFO: [1352107840] nuance.pal.THREAD                        StarRec_PAL_ThreadInit(): [TTS_main] initial priority level THREAD_PRIO_NORMAL. [starrec_pal_thread.c:790]  [181]
00:00.005 CORE_INFO: [1352107840] nuance.pal.THREAD                        StarRec_PAL_ThreadCreate(): [TTS_main] DEFAULT SETTING: invert nice value [3 -> 3]. [starrec_pal_thread.c:1032]  [181]
00:00.005 CORE_INFO: [1352107840] nuance.pal.THREAD                        StarRec_PAL_ThreadCreate(): [TTS_main] DEFAULT SETTING: policy [SCHED_OTHER], prio: default [0] + handed-over [3] + 1 = calculated [4]. [starrec_pal_thread.c:1042]  [181]
00:00.005 CORE_INFO: [1352107840] nuance.pal.THREAD                        StarRec_PAL_ThreadCreate(): [TTS_main] THREAD CREATED: Policy [0,SCHED_OTHER,OTHER], prio: handed-over [3], final nice,prio [4,0], min [0], max [0].  [starrec_pal_thread.c:1231]  [181]
00:00.005 CORE_INFO: [1309783808] nuance.pal.THREAD                        fpThreadRoutine_setThreadName(): [TTS_main] ok -> set/getpriority (4)/(4) - hdl [1309783808] ID [34672]. [starrec_pal_thread.c:2114]  [181]
00:00.005 INFO:      [1309783808] nuance.common.Thread                     Started thread 'TTS_main' (ID=1309783808)  [163]
00:00.005 CORE_INFO: [1309783808] nuance.pal.THREAD                        StarRec_PAL_ThreadInit(): [TTSD_main] initial priority level THREAD_PRIO_NORMAL. [starrec_pal_thread.c:790]  [181]
00:00.005 CORE_INFO: [1309783808] nuance.pal.THREAD                        StarRec_PAL_ThreadCreate(): [TTSD_main] DEFAULT SETTING: invert nice value [3 -> 3]. [starrec_pal_thread.c:1032]  [181]
00:00.005 CORE_INFO: [1309783808] nuance.pal.THREAD                        StarRec_PAL_ThreadCreate(): [TTSD_main] DEFAULT SETTING: policy [SCHED_OTHER], prio: default [0] + handed-over [3] + 1 = calculated [4]. [starrec_pal_thread.c:1042]  [181]
00:00.005 CORE_INFO: [1309783808] nuance.pal.THREAD                        StarRec_PAL_ThreadCreate(): [TTSD_main] THREAD CREATED: Policy [0,SCHED_OTHER,OTHER], prio: handed-over [3], final nice,prio [4,0], min [0], max [0].  [starrec_pal_thread.c:1231]  [181]
00:00.005 INFO:      [1309783808] nuance.prompter.VocalizerFactory         createVocalizer() "vocalizer_path": ["data/languages"]  [305]
00:00.005 INFO:      [1309783808] nuance.prompter.VocalizerFactory         createVocalizer() "tts_engine_lib": "ve"  [306]
00:00.005 CORE_INFO: [1301391104] nuance.pal.THREAD                        fpThreadRoutine_setThreadName(): [TTSD_main] ok -> set/getpriority (4)/(4) - hdl [1301391104] ID [34673]. [starrec_pal_thread.c:2114]  [181]
00:00.005 INFO:      [1301391104] nuance.common.Thread                     Started thread 'TTSD_main' (ID=1301391104)  [163]
00:00.006 INFO:      [1309783808] nuance.common.File                       open_() Open file: 'data/languages/enu/speech/ve/ve_pipeline_enu_evan_22_embedded-high_2-0-1.hdr' (mode: rb).  [584]
00:00.006 INFO:      [1309783808] nuance.common.File                       close() Close file: 'data/languages/enu/speech/ve/ve_pipeline_enu_evan_22_embedded-high_2-0-1.hdr'.  [176]
00:00.006 INFO:      [1309783808] nuance.common.File                       open_() Open file: 'data/languages/frf/speech/ve/ve_pipeline_frf_audrey-ml_22_embedded-premium_2-0-2.hdr' (mode: rb).  [584]
00:00.006 INFO:      [1309783808] nuance.common.File                       close() Close file: 'data/languages/frf/speech/ve/ve_pipeline_frf_audrey-ml_22_embedded-premium_2-0-2.hdr'.  [176]
00:00.006 ERROR:     [1309783808] nuance.prompter.VeVoices33.ve.tts        VeVoices33() Failed to initialize. VE returned: 0x80000014 - The object was not found.  [172]
00:00.006 ERROR:     [1309783808] nuance.prompter.VeEngine33.ve            createITtsVoices() Failed to create TTS voices object.  [172]
00:00.006 ERROR:     [1309783808] nuance.prompter.VocalizerFactory         createVocalizer() Problem occurred while creating TTS voices instance based on "vocalizer_path": ["data/languages"].  [565]
00:00.006 ERROR:     [1309783808] nuance.prompter.Prompter.main            onDoCreate() Failed to create vocalizer instance  [922]
00:00.006 WARNING:   [1309783808] nuance.common.WorkerThread               Last command failed!!  [400]
00:00.007 INFO:      [1334961920] nuance.common.logging.Log2File           New log file created: [start time 00:00.006] (file=config/logs-errors.log) (modules=) (not_modules=)
00:00.007 CORE_INFO: [1334961920] nuance.common.logging.Log2File           New log file created: [start time 00:00.006] (file=config/logs-errors.log) (modules=) (not_modules=)
00:00.007 INFO:      [1352107840] nuance.common.ConfigPool                 ITopLevelConfig prototype already registered for component 'AudioMgr', type='module_config', replacing it  [214]
00:00.007 INFO:      [1352107840] nuance.audio.AudioOutput.b_main          configureInstance_() configuration={adapter_type="INTERNAL", adapter_params="not configured", buffer_count=10, start_burst=50 (=>start_burst_buffer_count=5), open_close_for_each_playback=false, adapter_watchdog_timeout=5000ms, audio_format={type=, container=CONTAINER_UNDEFINED, encoding=ENCODING_UNDEFINED, frequency=-1, samplesPerChannel=-1, samplesPerBuffer=-1, channelCount=-1, hasSseDecodingInfo=no}, interleaved_format=false}.  [1781]
00:00.007 INFO:      [1352107840] nuance.audio.AudioManager.instance       registerAudioModule_() audio module "b_main" registered successfully.  [310]
00:00.007 ERROR:     [1352107840] nuance.prompter.Prompter.main            activateUseCase() invalid pointer parameter (0 == vocalizer_)  [521]
00:00.007 INFO:      [1352107840] nuance.audio.AudioManager.instance       deregisterAudioModule_() audio module "b_main" de-registered successfully.  [413]
00:00.007 INFO:      [1309783808] nuance.common.Thread                     Terminated thread 'TTS_main' (ID=1309783808)  [165]
00:00.007 INFO:      [1301391104] nuance.common.Thread                     Terminated thread 'TTSD_main' (ID=1301391104)  [165]
00:00.007 INFO:      [1318176512] nuance.common.Thread                     Terminated thread 'AUDIO_instance' (ID=1318176512)  [165]
00:00.008 INFO:      [1352107840] nuance.common.logging.Logger             Destructor called
